DEBUG | 2024-11-05 21:03:20,039 | writer is waiting
DEBUG | 2024-11-05 21:03:20,039 | 1
DEBUG | 2024-11-05 21:03:20,039 | 2
DEBUG | 2024-11-05 21:03:20,040 | 3
DEBUG | 2024-11-05 21:03:20,040 | 4
DEBUG | 2024-11-05 21:03:20,040 | 5
DEBUG | 2024-11-05 21:03:20,040 | 6
DEBUG | 2024-11-05 21:03:20,040 | 7
DEBUG | 2024-11-05 21:03:20,040 | 8
DEBUG | 2024-11-05 21:03:20,040 | 9
DEBUG | 2024-11-05 21:03:20,040 | 10
DEBUG | 2024-11-05 21:03:20,042 | Write completed.
DEBUG | 2024-11-05 21:03:20,044 | writer is waiting
DEBUG | 2024-11-05 21:03:20,044 | Read value: daniel
DEBUG | 2024-11-05 21:03:20,044 | Read value: daniel
DEBUG | 2024-11-05 21:03:20,044 | Read value: daniel
DEBUG | 2024-11-05 21:03:20,044 | Read value: daniel
DEBUG | 2024-11-05 21:03:20,045 | 1
DEBUG | 2024-11-05 21:03:20,045 | 2
DEBUG | 2024-11-05 21:03:20,045 | Read value: daniel
DEBUG | 2024-11-05 21:03:20,045 | 3
DEBUG | 2024-11-05 21:03:20,045 | 4
DEBUG | 2024-11-05 21:03:20,045 | 5
DEBUG | 2024-11-05 21:03:20,045 | 6
DEBUG | 2024-11-05 21:03:20,045 | 7
DEBUG | 2024-11-05 21:03:20,045 | 8
DEBUG | 2024-11-05 21:03:20,045 | 9
DEBUG | 2024-11-05 21:03:20,045 | 10
DEBUG | 2024-11-05 21:03:20,046 | Write completed.
DEBUG | 2024-11-05 21:03:20,047 | Read value: dani
DEBUG | 2024-11-05 21:03:20,047 | Read value: dani
DEBUG | 2024-11-05 21:04:20,699 | writer is waiting
DEBUG | 2024-11-05 21:04:20,699 | 1
DEBUG | 2024-11-05 21:04:20,699 | 2
DEBUG | 2024-11-05 21:04:20,699 | 3
DEBUG | 2024-11-05 21:04:20,699 | 4
DEBUG | 2024-11-05 21:04:20,699 | 5
DEBUG | 2024-11-05 21:04:20,700 | 6
DEBUG | 2024-11-05 21:04:20,700 | 7
DEBUG | 2024-11-05 21:04:20,700 | 8
DEBUG | 2024-11-05 21:04:20,700 | 9
DEBUG | 2024-11-05 21:04:20,700 | 10
DEBUG | 2024-11-05 21:04:20,701 | Write completed.
DEBUG | 2024-11-05 21:04:20,703 | Read value: daniel
DEBUG | 2024-11-05 21:04:20,703 | writer is waiting
DEBUG | 2024-11-05 21:04:20,704 | Read value: daniel
DEBUG | 2024-11-05 21:04:20,704 | Read value: daniel
DEBUG | 2024-11-05 21:04:20,704 | Read value: daniel
DEBUG | 2024-11-05 21:04:20,704 | 1
DEBUG | 2024-11-05 21:04:20,704 | 2
DEBUG | 2024-11-05 21:04:20,704 | 3
DEBUG | 2024-11-05 21:04:20,704 | 4
DEBUG | 2024-11-05 21:04:20,704 | 5
DEBUG | 2024-11-05 21:04:20,704 | 6
DEBUG | 2024-11-05 21:04:20,704 | 7
DEBUG | 2024-11-05 21:04:20,705 | 8
DEBUG | 2024-11-05 21:04:20,705 | 9
DEBUG | 2024-11-05 21:04:20,705 | Read value: daniel
DEBUG | 2024-11-05 21:04:20,705 | 10
DEBUG | 2024-11-05 21:04:20,705 | Write completed.
DEBUG | 2024-11-05 21:04:20,706 | Read value: dani
DEBUG | 2024-11-05 21:04:20,706 | Read value: dani
DEBUG | 2024-11-05 21:05:16,750 | writer is waiting
DEBUG | 2024-11-05 21:05:20,962 | 1
DEBUG | 2024-11-05 21:05:24,122 | 2
DEBUG | 2024-11-05 21:05:25,365 | 3
DEBUG | 2024-11-05 21:05:26,240 | 4
DEBUG | 2024-11-05 21:05:27,668 | 5
DEBUG | 2024-11-05 21:05:28,593 | 6
DEBUG | 2024-11-05 21:05:29,486 | 7
DEBUG | 2024-11-05 21:05:30,708 | 8
DEBUG | 2024-11-05 21:05:32,011 | 9
DEBUG | 2024-11-05 21:05:32,962 | 10
DEBUG | 2024-11-05 21:05:57,598 | Write completed.
DEBUG | 2024-11-05 21:06:52,948 | writer is waiting
DEBUG | 2024-11-05 21:06:52,948 | 1
DEBUG | 2024-11-05 21:06:52,948 | 2
DEBUG | 2024-11-05 21:06:52,948 | 3
DEBUG | 2024-11-05 21:06:52,948 | 4
DEBUG | 2024-11-05 21:06:52,948 | 5
DEBUG | 2024-11-05 21:06:52,948 | 6
DEBUG | 2024-11-05 21:06:52,948 | 7
DEBUG | 2024-11-05 21:06:52,948 | 8
DEBUG | 2024-11-05 21:06:52,948 | 9
DEBUG | 2024-11-05 21:06:52,948 | 10
DEBUG | 2024-11-05 21:06:52,950 | Write completed.
DEBUG | 2024-11-05 21:06:52,951 | writer is waiting
DEBUG | 2024-11-05 21:06:52,952 | Read value: daniel
DEBUG | 2024-11-05 21:06:52,952 | Read value: daniel
DEBUG | 2024-11-05 21:06:52,952 | Read value: daniel
DEBUG | 2024-11-05 21:06:52,952 | Read value: daniel
DEBUG | 2024-11-05 21:06:52,952 | 1
DEBUG | 2024-11-05 21:06:52,952 | 2
DEBUG | 2024-11-05 21:06:52,953 | 3
DEBUG | 2024-11-05 21:06:52,953 | 4
DEBUG | 2024-11-05 21:06:52,953 | Read value: daniel
DEBUG | 2024-11-05 21:06:52,953 | 5
DEBUG | 2024-11-05 21:06:52,953 | 6
DEBUG | 2024-11-05 21:06:52,953 | 7
DEBUG | 2024-11-05 21:06:52,953 | 8
DEBUG | 2024-11-05 21:06:52,953 | 9
DEBUG | 2024-11-05 21:06:52,953 | 10
DEBUG | 2024-11-05 21:06:52,954 | Write completed.
DEBUG | 2024-11-05 21:06:52,955 | Read value: dani
DEBUG | 2024-11-05 21:06:52,955 | Read value: dani
DEBUG | 2024-11-05 21:13:19,487 | writer is waiting
DEBUG | 2024-11-05 21:13:19,489 | 1
DEBUG | 2024-11-05 21:13:19,489 | 2
DEBUG | 2024-11-05 21:13:19,489 | 3
DEBUG | 2024-11-05 21:13:19,489 | 4
DEBUG | 2024-11-05 21:13:19,489 | 5
DEBUG | 2024-11-05 21:13:19,489 | 6
DEBUG | 2024-11-05 21:13:19,489 | 7
DEBUG | 2024-11-05 21:13:19,489 | 8
DEBUG | 2024-11-05 21:13:19,490 | 9
DEBUG | 2024-11-05 21:13:19,490 | 10
DEBUG | 2024-11-05 21:13:19,491 | Write completed.
DEBUG | 2024-11-05 21:13:19,493 | writer is waiting
DEBUG | 2024-11-05 21:13:19,493 | Read value: daniel
DEBUG | 2024-11-05 21:13:19,494 | Read value: daniel
DEBUG | 2024-11-05 21:13:19,494 | Read value: daniel
DEBUG | 2024-11-05 21:13:19,494 | Read value: daniel
DEBUG | 2024-11-05 21:13:19,494 | 1
DEBUG | 2024-11-05 21:13:19,494 | 2
DEBUG | 2024-11-05 21:13:19,494 | Read value: daniel
DEBUG | 2024-11-05 21:13:19,494 | 3
DEBUG | 2024-11-05 21:13:19,495 | 4
DEBUG | 2024-11-05 21:13:19,495 | 5
DEBUG | 2024-11-05 21:13:19,495 | 6
DEBUG | 2024-11-05 21:13:19,495 | 7
DEBUG | 2024-11-05 21:13:19,495 | 8
DEBUG | 2024-11-05 21:13:19,495 | 9
DEBUG | 2024-11-05 21:13:19,495 | 10
DEBUG | 2024-11-05 21:13:19,495 | Write completed.
DEBUG | 2024-11-05 21:13:19,497 | Read value: dani
DEBUG | 2024-11-05 21:13:19,497 | Read value: dani
DEBUG | 2024-11-06 12:43:54,574 | writer is waiting
DEBUG | 2024-11-06 12:44:59,204 | writer is waiting
DEBUG | 2024-11-06 12:44:59,204 | 1
DEBUG | 2024-11-06 12:44:59,204 | 2
DEBUG | 2024-11-06 12:44:59,204 | 3
DEBUG | 2024-11-06 12:44:59,204 | 4
DEBUG | 2024-11-06 12:44:59,204 | 5
DEBUG | 2024-11-06 12:44:59,205 | 6
DEBUG | 2024-11-06 12:44:59,205 | 7
DEBUG | 2024-11-06 12:44:59,205 | 8
DEBUG | 2024-11-06 12:44:59,205 | 9
DEBUG | 2024-11-06 12:44:59,205 | 10
DEBUG | 2024-11-06 12:44:59,206 | Write completed.
DEBUG | 2024-11-06 12:44:59,208 | writer is waiting
DEBUG | 2024-11-06 12:44:59,209 | 1
DEBUG | 2024-11-06 12:44:59,209 | 2
DEBUG | 2024-11-06 12:44:59,209 | 3
DEBUG | 2024-11-06 12:44:59,209 | 4
DEBUG | 2024-11-06 12:44:59,209 | Read value: daniel
DEBUG | 2024-11-06 12:44:59,209 | 5
DEBUG | 2024-11-06 12:44:59,209 | Read value: daniel
DEBUG | 2024-11-06 12:44:59,209 | 6
DEBUG | 2024-11-06 12:44:59,210 | Read value: daniel
DEBUG | 2024-11-06 12:44:59,210 | 7
DEBUG | 2024-11-06 12:44:59,210 | Read value: daniel
DEBUG | 2024-11-06 12:44:59,210 | 8
DEBUG | 2024-11-06 12:44:59,210 | Read value: daniel
DEBUG | 2024-11-06 12:44:59,213 | 9
DEBUG | 2024-11-06 12:44:59,214 | 10
DEBUG | 2024-11-06 12:44:59,214 | Write completed.
DEBUG | 2024-11-06 12:44:59,220 | Read value: dani
DEBUG | 2024-11-06 17:17:55,718 | writer is waiting
DEBUG | 2024-11-06 17:17:55,718 | 1
DEBUG | 2024-11-06 17:17:55,718 | 2
DEBUG | 2024-11-06 17:17:55,718 | 3
DEBUG | 2024-11-06 17:17:55,719 | 4
DEBUG | 2024-11-06 17:17:55,719 | 5
DEBUG | 2024-11-06 17:17:55,719 | 6
DEBUG | 2024-11-06 17:17:55,719 | 7
DEBUG | 2024-11-06 17:17:55,719 | 8
DEBUG | 2024-11-06 17:17:55,719 | 9
DEBUG | 2024-11-06 17:17:55,719 | 10
DEBUG | 2024-11-06 17:17:55,724 | Write completed.
DEBUG | 2024-11-06 17:17:55,728 | writer is waiting
DEBUG | 2024-11-06 17:17:55,728 | 1
DEBUG | 2024-11-06 17:17:55,728 | 2
DEBUG | 2024-11-06 17:17:55,729 | 3
DEBUG | 2024-11-06 17:17:55,729 | 4
DEBUG | 2024-11-06 17:17:55,729 | 5
DEBUG | 2024-11-06 17:17:55,730 | 6
DEBUG | 2024-11-06 17:17:55,730 | 7
DEBUG | 2024-11-06 17:17:55,730 | 8
DEBUG | 2024-11-06 17:17:55,730 | 9
DEBUG | 2024-11-06 17:17:55,731 | 10
DEBUG | 2024-11-06 17:17:55,734 | Write completed.
DEBUG | 2024-11-06 17:18:31,896 | writer is waiting
DEBUG | 2024-11-06 17:18:31,896 | 1
DEBUG | 2024-11-06 17:18:31,896 | 2
DEBUG | 2024-11-06 17:18:31,896 | 3
DEBUG | 2024-11-06 17:18:31,896 | 4
DEBUG | 2024-11-06 17:18:31,896 | 5
DEBUG | 2024-11-06 17:18:31,896 | 6
DEBUG | 2024-11-06 17:18:31,896 | 7
DEBUG | 2024-11-06 17:18:31,897 | 8
DEBUG | 2024-11-06 17:18:31,897 | 9
DEBUG | 2024-11-06 17:18:31,897 | 10
DEBUG | 2024-11-06 17:18:31,898 | Write completed.
DEBUG | 2024-11-06 17:18:31,900 | writer is waiting
DEBUG | 2024-11-06 17:18:31,900 | 1
DEBUG | 2024-11-06 17:18:31,900 | 2
DEBUG | 2024-11-06 17:18:31,900 | 3
DEBUG | 2024-11-06 17:18:31,900 | 4
DEBUG | 2024-11-06 17:18:31,901 | 5
DEBUG | 2024-11-06 17:18:31,901 | Read value: daniel
DEBUG | 2024-11-06 17:18:31,901 | 6
DEBUG | 2024-11-06 17:18:31,901 | Read value: daniel
DEBUG | 2024-11-06 17:18:31,901 | 7
DEBUG | 2024-11-06 17:18:31,901 | Read value: daniel
DEBUG | 2024-11-06 17:18:31,901 | 8
DEBUG | 2024-11-06 17:18:31,901 | Read value: daniel
DEBUG | 2024-11-06 17:18:31,901 | 9
DEBUG | 2024-11-06 17:18:31,902 | Read value: daniel
DEBUG | 2024-11-06 17:18:31,902 | 10
DEBUG | 2024-11-06 17:18:31,904 | Write completed.
DEBUG | 2024-11-06 17:18:31,904 | Read value: dani
DEBUG | 2024-11-06 17:18:55,484 | writer is waiting
DEBUG | 2024-11-06 17:18:55,484 | 1
DEBUG | 2024-11-06 17:18:55,484 | 2
DEBUG | 2024-11-06 17:18:55,484 | 3
DEBUG | 2024-11-06 17:18:55,484 | 4
DEBUG | 2024-11-06 17:18:55,485 | 5
DEBUG | 2024-11-06 17:18:55,485 | 6
DEBUG | 2024-11-06 17:18:55,485 | 7
DEBUG | 2024-11-06 17:18:55,485 | 8
DEBUG | 2024-11-06 17:18:55,485 | 9
DEBUG | 2024-11-06 17:18:55,485 | 10
DEBUG | 2024-11-06 17:18:55,486 | Write completed.
DEBUG | 2024-11-06 17:18:55,487 | Read value: daniel
DEBUG | 2024-11-06 17:19:28,615 | writer is waiting
DEBUG | 2024-11-06 17:19:28,615 | 1
DEBUG | 2024-11-06 17:19:28,615 | 2
DEBUG | 2024-11-06 17:19:28,615 | 3
DEBUG | 2024-11-06 17:19:28,616 | 4
DEBUG | 2024-11-06 17:19:28,616 | 5
DEBUG | 2024-11-06 17:19:28,616 | 6
DEBUG | 2024-11-06 17:19:28,616 | 7
DEBUG | 2024-11-06 17:19:28,616 | 8
DEBUG | 2024-11-06 17:19:28,616 | 9
DEBUG | 2024-11-06 17:19:28,616 | 10
DEBUG | 2024-11-06 17:19:28,617 | Write completed.
DEBUG | 2024-11-06 17:19:28,619 | Read value: daniel
DEBUG | 2024-11-06 17:20:08,400 | writer is waiting
DEBUG | 2024-11-06 17:20:08,400 | 1
DEBUG | 2024-11-06 17:20:08,400 | 2
DEBUG | 2024-11-06 17:20:08,400 | 3
DEBUG | 2024-11-06 17:20:08,400 | 4
DEBUG | 2024-11-06 17:20:08,401 | 5
DEBUG | 2024-11-06 17:20:08,401 | 6
DEBUG | 2024-11-06 17:20:08,401 | 7
DEBUG | 2024-11-06 17:20:08,401 | 8
DEBUG | 2024-11-06 17:20:08,401 | 9
DEBUG | 2024-11-06 17:20:08,401 | 10
DEBUG | 2024-11-06 17:20:08,402 | Write completed.
DEBUG | 2024-11-06 17:20:08,403 | writer is waiting
DEBUG | 2024-11-06 17:20:08,403 | 1
DEBUG | 2024-11-06 17:20:08,403 | 2
DEBUG | 2024-11-06 17:20:08,403 | 3
DEBUG | 2024-11-06 17:20:08,403 | 4
DEBUG | 2024-11-06 17:20:08,403 | 5
DEBUG | 2024-11-06 17:20:08,403 | 6
DEBUG | 2024-11-06 17:20:08,403 | 7
DEBUG | 2024-11-06 17:20:08,404 | 8
DEBUG | 2024-11-06 17:20:08,404 | 9
DEBUG | 2024-11-06 17:20:08,404 | Read value: daniel
DEBUG | 2024-11-06 17:20:08,404 | 10
DEBUG | 2024-11-06 17:20:08,404 | Write completed.
DEBUG | 2024-11-06 17:20:08,409 | Read value: value2
DEBUG | 2024-11-06 17:20:42,755 | writer is waiting
DEBUG | 2024-11-06 17:20:42,755 | 1
DEBUG | 2024-11-06 17:20:42,755 | 2
DEBUG | 2024-11-06 17:20:42,755 | 3
DEBUG | 2024-11-06 17:20:42,755 | 4
DEBUG | 2024-11-06 17:20:42,755 | 5
DEBUG | 2024-11-06 17:20:42,755 | 6
DEBUG | 2024-11-06 17:20:42,755 | 7
DEBUG | 2024-11-06 17:20:42,755 | 8
DEBUG | 2024-11-06 17:20:42,755 | 9
DEBUG | 2024-11-06 17:20:42,755 | 10
DEBUG | 2024-11-06 17:20:42,757 | Write completed.
DEBUG | 2024-11-06 17:20:42,757 | writer is waiting
DEBUG | 2024-11-06 17:20:42,757 | 1
DEBUG | 2024-11-06 17:20:42,757 | 2
DEBUG | 2024-11-06 17:20:42,757 | 3
DEBUG | 2024-11-06 17:20:42,757 | 4
DEBUG | 2024-11-06 17:20:42,757 | 5
DEBUG | 2024-11-06 17:20:42,757 | 6
DEBUG | 2024-11-06 17:20:42,757 | 7
DEBUG | 2024-11-06 17:20:42,757 | 8
DEBUG | 2024-11-06 17:20:42,758 | 9
DEBUG | 2024-11-06 17:20:42,758 | 10
DEBUG | 2024-11-06 17:20:42,759 | Write completed.
DEBUG | 2024-11-06 17:20:42,761 | writer is waiting
DEBUG | 2024-11-06 17:20:42,761 | 1
DEBUG | 2024-11-06 17:20:42,761 | 2
DEBUG | 2024-11-06 17:20:42,761 | 3
DEBUG | 2024-11-06 17:20:42,762 | 4
DEBUG | 2024-11-06 17:20:42,762 | Read value: daniel
DEBUG | 2024-11-06 17:20:42,762 | 5
DEBUG | 2024-11-06 17:20:42,762 | Read value: daniel
DEBUG | 2024-11-06 17:20:42,762 | 6
DEBUG | 2024-11-06 17:20:42,762 | Read value: daniel
DEBUG | 2024-11-06 17:20:42,764 | 7
DEBUG | 2024-11-06 17:20:42,765 | 8
DEBUG | 2024-11-06 17:20:42,765 | 9
DEBUG | 2024-11-06 17:20:42,766 | Read value: daniel
DEBUG | 2024-11-06 17:20:42,766 | 10
DEBUG | 2024-11-06 17:20:42,767 | Read value: dani
DEBUG | 2024-11-06 17:20:42,767 | Write completed.
DEBUG | 2024-11-06 17:20:42,769 | Read value: dani
DEBUG | 2024-11-06 17:21:12,821 | writer is waiting
DEBUG | 2024-11-06 17:21:12,821 | 1
DEBUG | 2024-11-06 17:21:12,821 | 2
DEBUG | 2024-11-06 17:21:12,821 | 3
DEBUG | 2024-11-06 17:21:12,822 | 4
DEBUG | 2024-11-06 17:21:12,822 | 5
DEBUG | 2024-11-06 17:21:12,822 | 6
DEBUG | 2024-11-06 17:21:12,822 | 7
DEBUG | 2024-11-06 17:21:12,822 | 8
DEBUG | 2024-11-06 17:21:12,822 | 9
DEBUG | 2024-11-06 17:21:12,822 | 10
DEBUG | 2024-11-06 17:21:12,823 | Write completed.
DEBUG | 2024-11-06 17:21:12,825 | writer is waiting
DEBUG | 2024-11-06 17:21:12,825 | 1
DEBUG | 2024-11-06 17:21:12,825 | 2
DEBUG | 2024-11-06 17:21:12,826 | 3
DEBUG | 2024-11-06 17:21:12,826 | 4
DEBUG | 2024-11-06 17:21:12,826 | 5
DEBUG | 2024-11-06 17:21:12,826 | Read value: daniel
DEBUG | 2024-11-06 17:21:12,826 | 6
DEBUG | 2024-11-06 17:21:12,826 | Read value: daniel
DEBUG | 2024-11-06 17:21:12,826 | 7
DEBUG | 2024-11-06 17:21:12,826 | 8
DEBUG | 2024-11-06 17:21:12,827 | Read value: daniel
DEBUG | 2024-11-06 17:21:12,827 | 9
DEBUG | 2024-11-06 17:21:12,827 | Read value: daniel
DEBUG | 2024-11-06 17:21:12,827 | 10
DEBUG | 2024-11-06 17:21:12,827 | Read value: daniel
DEBUG | 2024-11-06 17:21:12,828 | Write completed.
DEBUG | 2024-11-06 17:21:12,829 | Read value: dani
DEBUG | 2024-11-06 17:22:41,187 | writer is waiting
DEBUG | 2024-11-06 17:22:41,187 | 1
DEBUG | 2024-11-06 17:22:41,187 | 2
DEBUG | 2024-11-06 17:22:41,187 | 3
DEBUG | 2024-11-06 17:22:41,187 | 4
DEBUG | 2024-11-06 17:22:41,187 | 5
DEBUG | 2024-11-06 17:22:41,187 | 6
DEBUG | 2024-11-06 17:22:41,187 | 7
DEBUG | 2024-11-06 17:22:41,187 | 8
DEBUG | 2024-11-06 17:22:41,187 | 9
DEBUG | 2024-11-06 17:22:41,188 | 10
DEBUG | 2024-11-06 17:22:41,189 | Write completed.
DEBUG | 2024-11-06 17:22:41,190 | writer is waiting
DEBUG | 2024-11-06 17:22:41,191 | 1
DEBUG | 2024-11-06 17:22:41,191 | 2
DEBUG | 2024-11-06 17:22:41,191 | 3
DEBUG | 2024-11-06 17:22:41,191 | 4
DEBUG | 2024-11-06 17:22:41,191 | Read value: daniel
DEBUG | 2024-11-06 17:22:41,192 | 5
DEBUG | 2024-11-06 17:22:41,192 | Read value: daniel
DEBUG | 2024-11-06 17:22:41,192 | 6
DEBUG | 2024-11-06 17:22:41,192 | 7
DEBUG | 2024-11-06 17:22:41,192 | Read value: daniel
DEBUG | 2024-11-06 17:22:41,192 | 8
DEBUG | 2024-11-06 17:22:41,192 | Read value: daniel
DEBUG | 2024-11-06 17:22:41,192 | 9
DEBUG | 2024-11-06 17:22:41,193 | Read value: daniel
DEBUG | 2024-11-06 17:22:41,193 | 10
DEBUG | 2024-11-06 17:22:41,193 | Read value: daniel
DEBUG | 2024-11-06 17:22:41,193 | Write completed.
DEBUG | 2024-11-06 17:22:41,194 | Read value: dani
DEBUG | 2024-11-06 17:24:12,746 | writer is waiting
DEBUG | 2024-11-06 17:24:12,746 | 1
DEBUG | 2024-11-06 17:24:12,746 | 2
DEBUG | 2024-11-06 17:24:12,746 | 3
DEBUG | 2024-11-06 17:24:12,746 | 4
DEBUG | 2024-11-06 17:24:12,746 | 5
DEBUG | 2024-11-06 17:24:12,746 | 6
DEBUG | 2024-11-06 17:24:12,746 | 7
DEBUG | 2024-11-06 17:24:12,746 | 8
DEBUG | 2024-11-06 17:24:12,746 | 9
DEBUG | 2024-11-06 17:24:12,747 | 10
DEBUG | 2024-11-06 17:24:12,748 | Write completed.
DEBUG | 2024-11-06 17:24:12,749 | writer is waiting
DEBUG | 2024-11-06 17:24:12,749 | 1
DEBUG | 2024-11-06 17:24:12,749 | 2
DEBUG | 2024-11-06 17:24:12,749 | 3
DEBUG | 2024-11-06 17:24:12,749 | Read value: daniel
DEBUG | 2024-11-06 17:24:12,750 | 4
DEBUG | 2024-11-06 17:24:12,750 | Read value: daniel
DEBUG | 2024-11-06 17:24:12,750 | 5
DEBUG | 2024-11-06 17:24:12,750 | 6
DEBUG | 2024-11-06 17:24:12,750 | Read value: daniel
DEBUG | 2024-11-06 17:24:12,750 | 7
DEBUG | 2024-11-06 17:24:12,750 | 8
DEBUG | 2024-11-06 17:24:12,750 | Read value: daniel
DEBUG | 2024-11-06 17:24:12,750 | Read value: daniel
DEBUG | 2024-11-06 17:24:12,751 | 9
DEBUG | 2024-11-06 17:24:12,751 | 10
DEBUG | 2024-11-06 17:24:12,751 | Read value: daniel
DEBUG | 2024-11-06 17:24:12,751 | Write completed.
DEBUG | 2024-11-06 17:24:12,752 | Read value: dani
DEBUG | 2024-11-06 17:25:28,704 | writer is waiting
DEBUG | 2024-11-06 17:25:28,704 | 1
DEBUG | 2024-11-06 17:25:28,704 | 2
DEBUG | 2024-11-06 17:25:28,704 | 3
DEBUG | 2024-11-06 17:25:28,704 | 4
DEBUG | 2024-11-06 17:25:28,704 | 5
DEBUG | 2024-11-06 17:25:28,704 | 6
DEBUG | 2024-11-06 17:25:28,704 | 7
DEBUG | 2024-11-06 17:25:28,704 | 8
DEBUG | 2024-11-06 17:25:28,705 | 9
DEBUG | 2024-11-06 17:25:28,705 | 10
DEBUG | 2024-11-06 17:25:28,706 | Write completed.
DEBUG | 2024-11-06 17:25:28,707 | writer is waiting
DEBUG | 2024-11-06 17:25:28,708 | 1
DEBUG | 2024-11-06 17:25:28,708 | 2
DEBUG | 2024-11-06 17:25:28,708 | 3
DEBUG | 2024-11-06 17:25:28,708 | 4
DEBUG | 2024-11-06 17:25:28,708 | 5
DEBUG | 2024-11-06 17:25:28,708 | Read value: daniel
DEBUG | 2024-11-06 17:25:28,708 | 6
DEBUG | 2024-11-06 17:25:28,708 | Read value: daniel
DEBUG | 2024-11-06 17:25:28,709 | 7
DEBUG | 2024-11-06 17:25:28,709 | Read value: daniel
DEBUG | 2024-11-06 17:25:28,709 | 8
DEBUG | 2024-11-06 17:25:28,709 | Read value: daniel
DEBUG | 2024-11-06 17:25:28,709 | 9
DEBUG | 2024-11-06 17:25:28,709 | Read value: daniel
DEBUG | 2024-11-06 17:25:28,709 | 10
DEBUG | 2024-11-06 17:25:28,709 | Read value: daniel
DEBUG | 2024-11-06 17:25:28,710 | Write completed.
DEBUG | 2024-11-06 17:25:28,711 | Read value: dani
DEBUG | 2024-11-06 17:25:54,112 | writer is waiting
DEBUG | 2024-11-06 17:25:54,113 | 1
DEBUG | 2024-11-06 17:25:54,113 | 2
DEBUG | 2024-11-06 17:25:54,113 | 3
DEBUG | 2024-11-06 17:25:54,113 | 4
DEBUG | 2024-11-06 17:25:54,113 | 5
DEBUG | 2024-11-06 17:25:54,113 | 6
DEBUG | 2024-11-06 17:25:54,113 | 7
DEBUG | 2024-11-06 17:25:54,113 | 8
DEBUG | 2024-11-06 17:25:54,113 | 9
DEBUG | 2024-11-06 17:25:54,113 | 10
DEBUG | 2024-11-06 17:25:54,115 | Write completed.
DEBUG | 2024-11-06 17:25:54,116 | writer is waiting
DEBUG | 2024-11-06 17:25:54,117 | 1
DEBUG | 2024-11-06 17:25:54,117 | 2
DEBUG | 2024-11-06 17:25:54,117 | 3
DEBUG | 2024-11-06 17:25:54,117 | 4
DEBUG | 2024-11-06 17:25:54,117 | 5
DEBUG | 2024-11-06 17:25:54,117 | Read value: daniel
DEBUG | 2024-11-06 17:25:54,118 | 6
DEBUG | 2024-11-06 17:25:54,118 | Read value: daniel
DEBUG | 2024-11-06 17:25:54,118 | 7
DEBUG | 2024-11-06 17:25:54,118 | Read value: daniel
DEBUG | 2024-11-06 17:25:54,118 | 8
DEBUG | 2024-11-06 17:25:54,118 | Read value: daniel
DEBUG | 2024-11-06 17:25:54,118 | 9
DEBUG | 2024-11-06 17:25:54,118 | Read value: daniel
DEBUG | 2024-11-06 17:25:54,119 | 10
DEBUG | 2024-11-06 17:25:54,119 | Read value: daniel
DEBUG | 2024-11-06 17:25:54,120 | Write completed.
DEBUG | 2024-11-06 17:25:54,121 | Read value: dani
DEBUG | 2024-11-06 17:28:59,128 | writer is waiting
DEBUG | 2024-11-06 17:28:59,128 | 1
DEBUG | 2024-11-06 17:28:59,128 | 2
DEBUG | 2024-11-06 17:28:59,128 | 3
DEBUG | 2024-11-06 17:28:59,128 | 4
DEBUG | 2024-11-06 17:28:59,128 | 5
DEBUG | 2024-11-06 17:28:59,128 | 6
DEBUG | 2024-11-06 17:28:59,128 | 7
DEBUG | 2024-11-06 17:28:59,128 | 8
DEBUG | 2024-11-06 17:28:59,128 | 9
DEBUG | 2024-11-06 17:28:59,129 | 10
DEBUG | 2024-11-06 17:28:59,130 | Write completed.
DEBUG | 2024-11-06 17:31:13,181 | writer is waiting
DEBUG | 2024-11-06 17:31:13,181 | 1
DEBUG | 2024-11-06 17:31:13,181 | 2
DEBUG | 2024-11-06 17:31:13,181 | 3
DEBUG | 2024-11-06 17:31:13,181 | 4
DEBUG | 2024-11-06 17:31:13,181 | 5
DEBUG | 2024-11-06 17:31:13,181 | 6
DEBUG | 2024-11-06 17:31:13,181 | 7
DEBUG | 2024-11-06 17:31:13,182 | 8
DEBUG | 2024-11-06 17:31:13,182 | 9
DEBUG | 2024-11-06 17:31:13,182 | 10
DEBUG | 2024-11-06 17:31:13,183 | Write completed.
DEBUG | 2024-11-06 17:31:13,184 | writer is waiting
DEBUG | 2024-11-06 17:31:13,185 | 1
DEBUG | 2024-11-06 17:31:13,185 | 2
DEBUG | 2024-11-06 17:31:13,185 | 3
DEBUG | 2024-11-06 17:31:13,185 | Read value: daniel
DEBUG | 2024-11-06 17:31:13,185 | 4
DEBUG | 2024-11-06 17:31:13,185 | Read value: daniel
DEBUG | 2024-11-06 17:31:13,185 | 5
DEBUG | 2024-11-06 17:31:13,185 | 6
DEBUG | 2024-11-06 17:31:13,185 | Read value: daniel
DEBUG | 2024-11-06 17:31:13,185 | 7
DEBUG | 2024-11-06 17:31:13,186 | 8
DEBUG | 2024-11-06 17:31:13,186 | Read value: daniel
DEBUG | 2024-11-06 17:31:13,186 | Read value: daniel
DEBUG | 2024-11-06 17:31:13,186 | 9
DEBUG | 2024-11-06 17:31:13,186 | 10
DEBUG | 2024-11-06 17:31:13,186 | Read value: daniel
DEBUG | 2024-11-06 17:31:13,187 | Write completed.
DEBUG | 2024-11-06 17:33:35,829 | writer is waiting
DEBUG | 2024-11-06 17:33:35,829 | 1
DEBUG | 2024-11-06 17:33:35,829 | 2
DEBUG | 2024-11-06 17:33:35,829 | 3
DEBUG | 2024-11-06 17:33:35,829 | 4
DEBUG | 2024-11-06 17:33:35,829 | 5
DEBUG | 2024-11-06 17:33:35,829 | 6
DEBUG | 2024-11-06 17:33:35,829 | 7
DEBUG | 2024-11-06 17:33:35,829 | 8
DEBUG | 2024-11-06 17:33:35,830 | 9
DEBUG | 2024-11-06 17:33:35,830 | 10
DEBUG | 2024-11-06 17:33:35,832 | Write completed.
DEBUG | 2024-11-06 17:35:06,907 | writer is waiting
DEBUG | 2024-11-06 17:35:06,907 | 1
DEBUG | 2024-11-06 17:35:06,907 | 2
DEBUG | 2024-11-06 17:35:06,908 | 3
DEBUG | 2024-11-06 17:35:06,908 | 4
DEBUG | 2024-11-06 17:35:06,908 | 5
DEBUG | 2024-11-06 17:35:06,908 | 6
DEBUG | 2024-11-06 17:35:06,908 | 7
DEBUG | 2024-11-06 17:35:06,908 | 8
DEBUG | 2024-11-06 17:35:06,908 | 9
DEBUG | 2024-11-06 17:35:06,908 | 10
DEBUG | 2024-11-06 17:35:06,909 | Write completed.
DEBUG | 2024-11-06 17:38:40,693 | writer is waiting
DEBUG | 2024-11-06 17:38:40,694 | 1
DEBUG | 2024-11-06 17:38:40,694 | 2
DEBUG | 2024-11-06 17:38:40,694 | 3
DEBUG | 2024-11-06 17:38:40,694 | 4
DEBUG | 2024-11-06 17:38:40,694 | 5
DEBUG | 2024-11-06 17:38:40,694 | 6
DEBUG | 2024-11-06 17:38:40,694 | 7
DEBUG | 2024-11-06 17:38:40,694 | 8
DEBUG | 2024-11-06 17:38:40,694 | 9
DEBUG | 2024-11-06 17:38:40,694 | 10
DEBUG | 2024-11-06 17:38:40,696 | Write completed.
DEBUG | 2024-11-06 17:39:15,630 | writer is waiting
DEBUG | 2024-11-06 17:39:15,630 | 1
DEBUG | 2024-11-06 17:39:15,630 | 2
DEBUG | 2024-11-06 17:39:15,631 | 3
DEBUG | 2024-11-06 17:39:15,631 | 4
DEBUG | 2024-11-06 17:39:15,631 | 5
DEBUG | 2024-11-06 17:39:15,631 | 6
DEBUG | 2024-11-06 17:39:15,631 | 7
DEBUG | 2024-11-06 17:39:15,631 | 8
DEBUG | 2024-11-06 17:39:15,631 | 9
DEBUG | 2024-11-06 17:39:15,631 | 10
DEBUG | 2024-11-06 17:39:15,633 | Write completed.
DEBUG | 2024-11-06 17:39:15,634 | writer is waiting
DEBUG | 2024-11-06 17:39:15,634 | 1
DEBUG | 2024-11-06 17:39:15,634 | 2
DEBUG | 2024-11-06 17:39:15,635 | 3
DEBUG | 2024-11-06 17:39:15,635 | Read value: daniel
DEBUG | 2024-11-06 17:39:15,635 | 4
DEBUG | 2024-11-06 17:39:15,635 | Read value: daniel
DEBUG | 2024-11-06 17:39:15,635 | 5
DEBUG | 2024-11-06 17:39:15,635 | 6
DEBUG | 2024-11-06 17:39:15,635 | Read value: daniel
DEBUG | 2024-11-06 17:39:15,635 | 7
DEBUG | 2024-11-06 17:39:15,636 | 8
DEBUG | 2024-11-06 17:39:15,636 | Read value: daniel
DEBUG | 2024-11-06 17:39:15,636 | 9
DEBUG | 2024-11-06 17:39:15,636 | Read value: daniel
DEBUG | 2024-11-06 17:39:15,636 | 10
DEBUG | 2024-11-06 17:39:15,636 | Read value: daniel
DEBUG | 2024-11-06 17:39:15,639 | Write completed.
DEBUG | 2024-11-06 17:44:21,819 | writer is waiting
DEBUG | 2024-11-06 17:44:21,819 | 1
DEBUG | 2024-11-06 17:44:21,819 | 2
DEBUG | 2024-11-06 17:44:21,819 | 3
DEBUG | 2024-11-06 17:44:21,819 | 4
DEBUG | 2024-11-06 17:44:21,819 | 5
DEBUG | 2024-11-06 17:44:21,819 | 6
DEBUG | 2024-11-06 17:44:21,819 | 7
DEBUG | 2024-11-06 17:44:21,819 | 8
DEBUG | 2024-11-06 17:44:21,820 | 9
DEBUG | 2024-11-06 17:44:21,820 | 10
DEBUG | 2024-11-06 17:44:21,822 | Write completed.
DEBUG | 2024-11-06 17:44:21,823 | writer is waiting
DEBUG | 2024-11-06 17:44:21,823 | 1
DEBUG | 2024-11-06 17:44:21,823 | Read value: daniel
DEBUG | 2024-11-06 17:44:21,823 | 2
DEBUG | 2024-11-06 17:44:21,824 | 3
DEBUG | 2024-11-06 17:44:21,824 | 4
DEBUG | 2024-11-06 17:44:21,824 | 5
DEBUG | 2024-11-06 17:44:21,824 | 6
DEBUG | 2024-11-06 17:44:21,823 | Read value: daniel
DEBUG | 2024-11-06 17:44:21,823 | Read value: daniel
DEBUG | 2024-11-06 17:44:21,823 | Read value: daniel
DEBUG | 2024-11-06 17:44:21,823 | Read value: daniel
DEBUG | 2024-11-06 17:44:21,823 | Read value: daniel
DEBUG | 2024-11-06 17:44:21,824 | 7
DEBUG | 2024-11-06 17:44:21,824 | 8
DEBUG | 2024-11-06 17:44:21,824 | 9
DEBUG | 2024-11-06 17:44:21,824 | 10
DEBUG | 2024-11-06 17:44:21,825 | Write completed.
DEBUG | 2024-11-06 17:59:37,019 | writer is waiting
DEBUG | 2024-11-06 17:59:37,020 | 1
DEBUG | 2024-11-06 17:59:37,020 | 2
DEBUG | 2024-11-06 17:59:37,021 | 3
DEBUG | 2024-11-06 17:59:37,021 | 4
DEBUG | 2024-11-06 17:59:37,021 | 5
DEBUG | 2024-11-06 17:59:37,021 | 6
DEBUG | 2024-11-06 17:59:37,022 | 7
DEBUG | 2024-11-06 17:59:37,022 | 8
DEBUG | 2024-11-06 17:59:37,022 | 9
DEBUG | 2024-11-06 17:59:37,022 | 10
DEBUG | 2024-11-06 17:59:37,026 | Write completed.
DEBUG | 2024-11-06 17:59:37,031 | writer is waiting
DEBUG | 2024-11-06 17:59:37,031 | 1
DEBUG | 2024-11-06 17:59:37,032 | 2
DEBUG | 2024-11-06 17:59:37,032 | 3
DEBUG | 2024-11-06 17:59:37,032 | 4
DEBUG | 2024-11-06 17:59:37,032 | 5
DEBUG | 2024-11-06 17:59:37,033 | 6
DEBUG | 2024-11-06 17:59:37,033 | 7
DEBUG | 2024-11-06 17:59:37,034 | 8
DEBUG | 2024-11-06 17:59:37,034 | 9
DEBUG | 2024-11-06 17:59:37,034 | 10
DEBUG | 2024-11-06 17:59:37,040 | Write completed.
DEBUG | 2024-11-06 17:59:49,080 | Read value: dani
DEBUG | 2024-11-06 17:59:52,011 | Read value: dani
DEBUG | 2024-11-06 17:59:56,194 | Read value: dani
DEBUG | 2024-11-06 17:59:58,211 | Read value: dani
DEBUG | 2024-11-06 18:00:16,448 | writer is waiting
DEBUG | 2024-11-06 18:00:16,450 | 1
DEBUG | 2024-11-06 18:00:16,450 | 2
DEBUG | 2024-11-06 18:00:16,450 | 3
DEBUG | 2024-11-06 18:00:16,450 | 4
DEBUG | 2024-11-06 18:00:16,450 | 5
DEBUG | 2024-11-06 18:00:16,450 | 6
DEBUG | 2024-11-06 18:00:16,451 | 7
DEBUG | 2024-11-06 18:00:16,451 | 8
DEBUG | 2024-11-06 18:00:16,451 | 9
DEBUG | 2024-11-06 18:00:16,451 | 10
DEBUG | 2024-11-06 18:00:16,454 | Write completed.
DEBUG | 2024-11-06 18:00:16,498 | writer is waiting
DEBUG | 2024-11-06 18:00:16,500 | 1
DEBUG | 2024-11-06 18:00:16,501 | 2
DEBUG | 2024-11-06 18:00:16,501 | 3
DEBUG | 2024-11-06 18:00:16,501 | 4
DEBUG | 2024-11-06 18:00:16,501 | 5
DEBUG | 2024-11-06 18:00:16,502 | 6
DEBUG | 2024-11-06 18:00:16,502 | 7
DEBUG | 2024-11-06 18:00:16,503 | 8
DEBUG | 2024-11-06 18:00:16,503 | 9
DEBUG | 2024-11-06 18:00:16,503 | 10
DEBUG | 2024-11-06 18:00:16,508 | Write completed.
DEBUG | 2024-11-06 18:01:04,606 | writer is waiting
DEBUG | 2024-11-06 18:01:04,606 | 1
DEBUG | 2024-11-06 18:01:04,606 | 2
DEBUG | 2024-11-06 18:01:04,606 | 3
DEBUG | 2024-11-06 18:01:04,606 | 4
DEBUG | 2024-11-06 18:01:04,606 | 5
DEBUG | 2024-11-06 18:01:04,606 | 6
DEBUG | 2024-11-06 18:01:04,606 | 7
DEBUG | 2024-11-06 18:01:04,606 | 8
DEBUG | 2024-11-06 18:01:04,606 | 9
DEBUG | 2024-11-06 18:01:04,607 | 10
DEBUG | 2024-11-06 18:01:04,609 | Write completed.
DEBUG | 2024-11-06 18:01:04,611 | writer is waiting
DEBUG | 2024-11-06 18:01:04,611 | Read value: daniel
DEBUG | 2024-11-06 18:01:04,611 | 1
DEBUG | 2024-11-06 18:01:04,611 | Read value: daniel
DEBUG | 2024-11-06 18:01:04,611 | Read value: daniel
DEBUG | 2024-11-06 18:01:04,611 | Read value: daniel
DEBUG | 2024-11-06 18:01:04,611 | Read value: daniel
DEBUG | 2024-11-06 18:01:04,611 | 2
DEBUG | 2024-11-06 18:01:04,611 | Read value: daniel
DEBUG | 2024-11-06 18:01:04,612 | 3
DEBUG | 2024-11-06 18:01:04,612 | 4
DEBUG | 2024-11-06 18:01:04,612 | 5
DEBUG | 2024-11-06 18:01:04,612 | 6
DEBUG | 2024-11-06 18:01:04,612 | 7
DEBUG | 2024-11-06 18:01:04,612 | 8
DEBUG | 2024-11-06 18:01:04,612 | 9
DEBUG | 2024-11-06 18:01:04,613 | 10
DEBUG | 2024-11-06 18:01:04,613 | Write completed.
DEBUG | 2024-11-06 18:02:00,556 | writer is waiting
DEBUG | 2024-11-06 18:02:00,556 | 1
DEBUG | 2024-11-06 18:02:00,556 | 2
DEBUG | 2024-11-06 18:02:00,556 | 3
DEBUG | 2024-11-06 18:02:00,556 | 4
DEBUG | 2024-11-06 18:02:00,556 | 5
DEBUG | 2024-11-06 18:02:00,556 | 6
DEBUG | 2024-11-06 18:02:00,556 | 7
DEBUG | 2024-11-06 18:02:00,556 | 8
DEBUG | 2024-11-06 18:02:00,556 | 9
DEBUG | 2024-11-06 18:02:00,556 | 10
DEBUG | 2024-11-06 18:02:00,558 | Write completed.
DEBUG | 2024-11-06 18:02:00,559 | writer is waiting
DEBUG | 2024-11-06 18:02:00,559 | 1
DEBUG | 2024-11-06 18:02:00,560 | 2
DEBUG | 2024-11-06 18:02:00,560 | 3
DEBUG | 2024-11-06 18:02:00,560 | 4
DEBUG | 2024-11-06 18:02:00,560 | 5
DEBUG | 2024-11-06 18:02:00,560 | Read value: daniel
DEBUG | 2024-11-06 18:02:00,560 | Read value: daniel
DEBUG | 2024-11-06 18:02:00,560 | Read value: daniel
DEBUG | 2024-11-06 18:02:00,560 | 6
DEBUG | 2024-11-06 18:02:00,560 | Read value: daniel
DEBUG | 2024-11-06 18:02:00,560 | Read value: daniel
DEBUG | 2024-11-06 18:02:00,561 | Read value: daniel
DEBUG | 2024-11-06 18:02:00,561 | 7
DEBUG | 2024-11-06 18:02:00,561 | 8
DEBUG | 2024-11-06 18:02:00,561 | 9
DEBUG | 2024-11-06 18:02:00,561 | 10
DEBUG | 2024-11-06 18:02:00,561 | Write completed.
DEBUG | 2024-11-06 18:05:12,474 | writer is waiting
DEBUG | 2024-11-06 18:05:12,474 | 1
DEBUG | 2024-11-06 18:05:12,474 | 2
DEBUG | 2024-11-06 18:05:12,474 | 3
DEBUG | 2024-11-06 18:05:12,474 | 4
DEBUG | 2024-11-06 18:05:12,474 | 5
DEBUG | 2024-11-06 18:05:12,474 | 6
DEBUG | 2024-11-06 18:05:12,474 | 7
DEBUG | 2024-11-06 18:05:12,474 | 8
DEBUG | 2024-11-06 18:05:12,475 | 9
DEBUG | 2024-11-06 18:05:12,475 | 10
DEBUG | 2024-11-06 18:05:12,476 | Write completed.
DEBUG | 2024-11-06 18:05:12,477 | writer is waiting
DEBUG | 2024-11-06 18:05:12,478 | 1
DEBUG | 2024-11-06 18:05:12,478 | 2
DEBUG | 2024-11-06 18:05:12,489 | 3
DEBUG | 2024-11-06 18:05:12,489 | 4
DEBUG | 2024-11-06 18:05:12,489 | 5
DEBUG | 2024-11-06 18:05:12,489 | Read value: daniel
DEBUG | 2024-11-06 18:05:12,489 | Read value: daniel
DEBUG | 2024-11-06 18:05:12,489 | Read value: daniel
DEBUG | 2024-11-06 18:05:12,489 | Read value: daniel
DEBUG | 2024-11-06 18:05:12,489 | Read value: daniel
DEBUG | 2024-11-06 18:05:12,490 | 6
DEBUG | 2024-11-06 18:05:12,615 | 7
DEBUG | 2024-11-06 18:05:12,615 | 8
DEBUG | 2024-11-06 18:05:12,615 | 9
DEBUG | 2024-11-06 18:05:12,615 | 10
DEBUG | 2024-11-06 18:05:12,755 | Write completed.
DEBUG | 2024-11-06 18:05:12,756 | Read value: dani
DEBUG | 2024-11-06 18:05:45,111 | writer is waiting
DEBUG | 2024-11-06 18:05:45,111 | 1
DEBUG | 2024-11-06 18:05:45,111 | 2
DEBUG | 2024-11-06 18:05:45,111 | 3
DEBUG | 2024-11-06 18:05:45,111 | 4
DEBUG | 2024-11-06 18:05:45,111 | 5
DEBUG | 2024-11-06 18:05:45,111 | 6
DEBUG | 2024-11-06 18:05:45,111 | 7
DEBUG | 2024-11-06 18:05:45,111 | 8
DEBUG | 2024-11-06 18:05:45,111 | 9
DEBUG | 2024-11-06 18:05:45,112 | 10
DEBUG | 2024-11-06 18:05:45,114 | Write completed.
DEBUG | 2024-11-06 18:10:33,329 | writer is waiting
DEBUG | 2024-11-06 18:10:33,329 | 1
DEBUG | 2024-11-06 18:10:33,329 | 2
DEBUG | 2024-11-06 18:10:33,329 | 3
DEBUG | 2024-11-06 18:10:33,329 | 4
DEBUG | 2024-11-06 18:10:33,329 | 5
DEBUG | 2024-11-06 18:10:33,329 | 6
DEBUG | 2024-11-06 18:10:33,329 | 7
DEBUG | 2024-11-06 18:10:33,330 | 8
DEBUG | 2024-11-06 18:10:33,330 | 9
DEBUG | 2024-11-06 18:10:33,330 | 10
DEBUG | 2024-11-06 18:10:33,331 | Write completed.
DEBUG | 2024-11-06 18:12:35,396 | writer is waiting
DEBUG | 2024-11-06 18:12:35,396 | 1
DEBUG | 2024-11-06 18:12:35,396 | 2
DEBUG | 2024-11-06 18:12:35,396 | 3
DEBUG | 2024-11-06 18:12:35,396 | 4
DEBUG | 2024-11-06 18:12:35,396 | 5
DEBUG | 2024-11-06 18:12:35,396 | 6
DEBUG | 2024-11-06 18:12:35,396 | 7
DEBUG | 2024-11-06 18:12:35,396 | 8
DEBUG | 2024-11-06 18:12:35,396 | 9
DEBUG | 2024-11-06 18:12:35,397 | 10
DEBUG | 2024-11-06 18:12:35,398 | Write completed.
DEBUG | 2024-11-06 18:13:26,857 | writer is waiting
DEBUG | 2024-11-06 18:13:26,858 | 1
DEBUG | 2024-11-06 18:13:26,858 | 2
DEBUG | 2024-11-06 18:13:26,858 | 3
DEBUG | 2024-11-06 18:13:26,858 | 4
DEBUG | 2024-11-06 18:13:26,858 | 5
DEBUG | 2024-11-06 18:13:26,858 | 6
DEBUG | 2024-11-06 18:13:26,858 | 7
DEBUG | 2024-11-06 18:13:26,858 | 8
DEBUG | 2024-11-06 18:13:26,858 | 9
DEBUG | 2024-11-06 18:13:26,858 | 10
DEBUG | 2024-11-06 18:13:26,860 | Write completed.
DEBUG | 2024-11-06 18:16:00,885 | writer is waiting
DEBUG | 2024-11-06 18:16:00,886 | 1
DEBUG | 2024-11-06 18:16:00,886 | 2
DEBUG | 2024-11-06 18:16:00,886 | 3
DEBUG | 2024-11-06 18:16:00,886 | 4
DEBUG | 2024-11-06 18:16:00,886 | 5
DEBUG | 2024-11-06 18:16:00,886 | 6
DEBUG | 2024-11-06 18:16:00,886 | 7
DEBUG | 2024-11-06 18:16:00,886 | 8
DEBUG | 2024-11-06 18:16:00,886 | 9
DEBUG | 2024-11-06 18:16:00,886 | 10
DEBUG | 2024-11-06 18:16:00,887 | Write completed.
DEBUG | 2024-11-06 18:16:27,778 | writer is waiting
DEBUG | 2024-11-06 18:16:27,778 | 1
DEBUG | 2024-11-06 18:16:27,778 | 2
DEBUG | 2024-11-06 18:16:27,778 | 3
DEBUG | 2024-11-06 18:16:27,778 | 4
DEBUG | 2024-11-06 18:16:27,779 | 5
DEBUG | 2024-11-06 18:16:27,779 | 6
DEBUG | 2024-11-06 18:16:27,779 | 7
DEBUG | 2024-11-06 18:16:27,779 | 8
DEBUG | 2024-11-06 18:16:27,779 | 9
DEBUG | 2024-11-06 18:16:27,779 | 10
DEBUG | 2024-11-06 18:16:27,781 | Write completed.
DEBUG | 2024-11-06 18:16:27,783 | writer is waiting
DEBUG | 2024-11-06 18:16:27,783 | 1
DEBUG | 2024-11-06 18:16:27,783 | 2
DEBUG | 2024-11-06 18:16:27,783 | 3
DEBUG | 2024-11-06 18:16:27,783 | 4
DEBUG | 2024-11-06 18:16:27,783 | 5
DEBUG | 2024-11-06 18:16:27,783 | Read value: daniel
DEBUG | 2024-11-06 18:16:27,784 | 6
DEBUG | 2024-11-06 18:16:27,858 | Read value: daniel
DEBUG | 2024-11-06 18:16:27,906 | 7
DEBUG | 2024-11-06 18:16:27,938 | Read value: daniel
DEBUG | 2024-11-06 18:16:27,970 | 8
DEBUG | 2024-11-06 18:16:28,066 | Read value: daniel
DEBUG | 2024-11-06 18:16:28,066 | 9
DEBUG | 2024-11-06 18:16:28,129 | Read value: daniel
DEBUG | 2024-11-06 18:16:28,209 | 10
DEBUG | 2024-11-06 18:16:28,335 | Write completed.
DEBUG | 2024-11-06 18:16:28,336 | Read value: dani
DEBUG | 2024-11-06 18:37:45,654 | writer is waiting
DEBUG | 2024-11-06 18:37:45,654 | 1
DEBUG | 2024-11-06 18:37:45,654 | 2
DEBUG | 2024-11-06 18:37:45,654 | 3
DEBUG | 2024-11-06 18:37:45,654 | 4
DEBUG | 2024-11-06 18:37:45,654 | 5
DEBUG | 2024-11-06 18:37:45,654 | 6
DEBUG | 2024-11-06 18:37:45,655 | 7
DEBUG | 2024-11-06 18:37:45,655 | 8
DEBUG | 2024-11-06 18:37:45,655 | 9
DEBUG | 2024-11-06 18:37:45,655 | 10
DEBUG | 2024-11-06 18:37:45,656 | Write completed.
DEBUG | 2024-11-06 18:37:45,658 | Read value: daniel
DEBUG | 2024-11-06 18:37:45,658 | writer is waiting
DEBUG | 2024-11-06 18:37:45,665 | 1
DEBUG | 2024-11-06 18:37:45,665 | 2
DEBUG | 2024-11-06 18:37:45,681 | 3
DEBUG | 2024-11-06 18:37:45,681 | Read value: daniel
DEBUG | 2024-11-06 18:37:45,713 | 4
DEBUG | 2024-11-06 18:37:45,760 | 5
DEBUG | 2024-11-06 18:37:45,776 | 6
DEBUG | 2024-11-06 18:37:45,776 | 7
DEBUG | 2024-11-06 18:37:45,792 | Read value: daniel
DEBUG | 2024-11-06 18:37:45,792 | 8
DEBUG | 2024-11-06 18:37:45,840 | Read value: daniel
DEBUG | 2024-11-06 18:37:45,872 | 9
DEBUG | 2024-11-06 18:37:45,902 | Read value: daniel
DEBUG | 2024-11-06 18:37:45,949 | 10
DEBUG | 2024-11-06 18:37:46,121 | Write completed.
DEBUG | 2024-11-06 18:37:46,122 | Read value: dani
DEBUG | 2024-11-06 18:38:23,609 | writer is waiting
DEBUG | 2024-11-06 18:38:23,609 | 1
DEBUG | 2024-11-06 18:38:23,609 | 2
DEBUG | 2024-11-06 18:38:23,609 | 3
DEBUG | 2024-11-06 18:38:23,609 | 4
DEBUG | 2024-11-06 18:38:23,609 | 5
DEBUG | 2024-11-06 18:38:23,609 | 6
DEBUG | 2024-11-06 18:38:23,609 | 7
DEBUG | 2024-11-06 18:38:23,610 | 8
DEBUG | 2024-11-06 18:38:23,610 | 9
DEBUG | 2024-11-06 18:38:23,610 | 10
DEBUG | 2024-11-06 18:38:23,611 | Write completed.
DEBUG | 2024-11-06 18:38:23,612 | writer is waiting
DEBUG | 2024-11-06 18:38:23,613 | 1
DEBUG | 2024-11-06 18:38:23,613 | 2
DEBUG | 2024-11-06 18:38:23,613 | 3
DEBUG | 2024-11-06 18:38:23,626 | 4
DEBUG | 2024-11-06 18:38:23,658 | 5
DEBUG | 2024-11-06 18:38:23,658 | Read value: daniel
DEBUG | 2024-11-06 18:38:23,658 | 6
DEBUG | 2024-11-06 18:38:23,767 | Read value: daniel
DEBUG | 2024-11-06 18:38:23,767 | 7
DEBUG | 2024-11-06 18:38:23,798 | Read value: daniel
DEBUG | 2024-11-06 18:38:23,814 | 8
DEBUG | 2024-11-06 18:38:23,876 | Read value: daniel
DEBUG | 2024-11-06 18:38:23,890 | 9
DEBUG | 2024-11-06 18:38:23,938 | Read value: daniel
DEBUG | 2024-11-06 18:38:23,954 | 10
DEBUG | 2024-11-06 18:38:24,079 | Write completed.
DEBUG | 2024-11-06 18:38:24,079 | Read value: dani
DEBUG | 2024-11-06 18:39:27,736 | writer is waiting
DEBUG | 2024-11-06 18:39:27,736 | 1
DEBUG | 2024-11-06 18:39:27,736 | 2
DEBUG | 2024-11-06 18:39:27,736 | 3
DEBUG | 2024-11-06 18:39:27,736 | 4
DEBUG | 2024-11-06 18:39:27,736 | 5
DEBUG | 2024-11-06 18:39:27,736 | 6
DEBUG | 2024-11-06 18:39:27,736 | 7
DEBUG | 2024-11-06 18:39:27,736 | 8
DEBUG | 2024-11-06 18:39:27,736 | 9
DEBUG | 2024-11-06 18:39:27,736 | 10
DEBUG | 2024-11-06 18:39:27,738 | Write completed.
DEBUG | 2024-11-06 18:39:27,740 | Read value: daniel
DEBUG | 2024-11-06 18:39:27,740 | writer is waiting
DEBUG | 2024-11-06 18:39:27,740 | 1
DEBUG | 2024-11-06 18:39:27,740 | 2
DEBUG | 2024-11-06 18:39:27,740 | 3
DEBUG | 2024-11-06 18:39:27,748 | 4
DEBUG | 2024-11-06 18:39:27,748 | 5
DEBUG | 2024-11-06 18:39:27,748 | 6
DEBUG | 2024-11-06 18:39:27,811 | Read value: daniel
DEBUG | 2024-11-06 18:39:27,811 | 7
DEBUG | 2024-11-06 18:39:27,890 | Read value: daniel
DEBUG | 2024-11-06 18:39:27,922 | 8
DEBUG | 2024-11-06 18:39:27,938 | Read value: daniel
DEBUG | 2024-11-06 18:39:27,938 | 9
DEBUG | 2024-11-06 18:39:27,954 | Read value: daniel
DEBUG | 2024-11-06 18:39:27,954 | 10
DEBUG | 2024-11-06 18:39:28,081 | Write completed.
DEBUG | 2024-11-06 18:39:28,083 | Read value: dani
DEBUG | 2024-11-06 18:41:01,838 | writer is waiting
DEBUG | 2024-11-06 18:41:01,838 | 1
DEBUG | 2024-11-06 18:41:01,838 | 2
DEBUG | 2024-11-06 18:41:01,838 | 3
DEBUG | 2024-11-06 18:41:01,838 | 4
DEBUG | 2024-11-06 18:41:01,838 | 5
DEBUG | 2024-11-06 18:41:01,838 | 6
DEBUG | 2024-11-06 18:41:01,838 | 7
DEBUG | 2024-11-06 18:41:01,838 | 8
DEBUG | 2024-11-06 18:41:01,839 | 9
DEBUG | 2024-11-06 18:41:01,839 | 10
DEBUG | 2024-11-06 18:41:01,841 | Write completed.
DEBUG | 2024-11-06 18:41:01,843 | writer is waiting
DEBUG | 2024-11-06 18:41:01,843 | 1
DEBUG | 2024-11-06 18:41:01,843 | 2
DEBUG | 2024-11-06 18:41:01,843 | 3
DEBUG | 2024-11-06 18:41:01,843 | 4
DEBUG | 2024-11-06 18:41:01,843 | 5
DEBUG | 2024-11-06 18:41:01,843 | 6
DEBUG | 2024-11-06 18:41:01,843 | 7
DEBUG | 2024-11-06 18:41:01,843 | 8
DEBUG | 2024-11-06 18:41:01,843 | 9
DEBUG | 2024-11-06 18:41:01,843 | 10
DEBUG | 2024-11-06 18:41:01,845 | Write completed.
DEBUG | 2024-11-06 18:41:01,854 | Read value: dani
DEBUG | 2024-11-06 18:41:01,854 | Read value: dani
DEBUG | 2024-11-06 18:41:01,855 | Read value: dani
DEBUG | 2024-11-06 18:41:01,855 | Read value: dani
DEBUG | 2024-11-06 18:41:01,855 | Read value: dani
DEBUG | 2024-11-06 18:41:01,856 | Read value: dani
DEBUG | 2024-11-06 18:41:14,496 | writer is waiting
DEBUG | 2024-11-06 18:41:14,497 | 1
DEBUG | 2024-11-06 18:41:14,497 | 2
DEBUG | 2024-11-06 18:41:14,497 | 3
DEBUG | 2024-11-06 18:41:14,497 | 4
DEBUG | 2024-11-06 18:41:14,497 | 5
DEBUG | 2024-11-06 18:41:14,497 | 6
DEBUG | 2024-11-06 18:41:14,497 | 7
DEBUG | 2024-11-06 18:41:14,497 | 8
DEBUG | 2024-11-06 18:41:14,497 | 9
DEBUG | 2024-11-06 18:41:14,497 | 10
DEBUG | 2024-11-06 18:41:14,499 | Write completed.
DEBUG | 2024-11-06 18:41:14,500 | writer is waiting
DEBUG | 2024-11-06 18:41:14,500 | 1
DEBUG | 2024-11-06 18:41:14,500 | 2
DEBUG | 2024-11-06 18:41:14,500 | 3
DEBUG | 2024-11-06 18:41:14,500 | 4
DEBUG | 2024-11-06 18:41:14,500 | 5
DEBUG | 2024-11-06 18:41:14,500 | 6
DEBUG | 2024-11-06 18:41:14,501 | 7
DEBUG | 2024-11-06 18:41:14,501 | 8
DEBUG | 2024-11-06 18:41:14,501 | 9
DEBUG | 2024-11-06 18:41:14,501 | 10
DEBUG | 2024-11-06 18:41:14,502 | Write completed.
DEBUG | 2024-11-06 18:41:14,510 | Read value: dani
DEBUG | 2024-11-06 18:41:14,510 | Read value: dani
DEBUG | 2024-11-06 18:41:14,511 | Read value: dani
DEBUG | 2024-11-06 18:41:14,511 | Read value: dani
DEBUG | 2024-11-06 18:41:14,511 | Read value: dani
DEBUG | 2024-11-06 18:41:14,511 | Read value: dani
DEBUG | 2024-11-06 18:42:10,030 | writer is waiting
DEBUG | 2024-11-06 18:42:10,030 | 1
DEBUG | 2024-11-06 18:42:10,030 | 2
DEBUG | 2024-11-06 18:42:10,030 | 3
DEBUG | 2024-11-06 18:42:10,030 | 4
DEBUG | 2024-11-06 18:42:10,030 | 5
DEBUG | 2024-11-06 18:42:10,030 | 6
DEBUG | 2024-11-06 18:42:10,030 | 7
DEBUG | 2024-11-06 18:42:10,030 | 8
DEBUG | 2024-11-06 18:42:10,030 | 9
DEBUG | 2024-11-06 18:42:10,031 | 10
DEBUG | 2024-11-06 18:42:10,032 | Write completed.
DEBUG | 2024-11-06 18:42:10,034 | Read value: daniel
DEBUG | 2024-11-06 18:42:10,034 | writer is waiting
DEBUG | 2024-11-06 18:42:10,046 | 1
DEBUG | 2024-11-06 18:42:10,046 | 2
DEBUG | 2024-11-06 18:42:10,046 | 3
DEBUG | 2024-11-06 18:42:10,046 | 4
DEBUG | 2024-11-06 18:42:10,047 | 5
DEBUG | 2024-11-06 18:42:10,047 | 6
DEBUG | 2024-11-06 18:42:10,110 | Read value: daniel
DEBUG | 2024-11-06 18:42:10,126 | 7
DEBUG | 2024-11-06 18:42:10,204 | Read value: daniel
DEBUG | 2024-11-06 18:42:10,284 | 8
DEBUG | 2024-11-06 18:42:10,346 | Read value: daniel
DEBUG | 2024-11-06 18:42:10,394 | 9
DEBUG | 2024-11-06 18:42:10,457 | Read value: daniel
DEBUG | 2024-11-06 18:42:10,473 | 10
DEBUG | 2024-11-06 18:42:10,614 | Write completed.
DEBUG | 2024-11-06 18:42:10,615 | Read value: dani
DEBUG | 2024-11-06 18:43:10,727 | writer is waiting
DEBUG | 2024-11-06 18:43:10,727 | 1
DEBUG | 2024-11-06 18:43:10,727 | 2
DEBUG | 2024-11-06 18:43:10,727 | 3
DEBUG | 2024-11-06 18:43:10,727 | 4
DEBUG | 2024-11-06 18:43:10,727 | 5
DEBUG | 2024-11-06 18:43:10,727 | 6
DEBUG | 2024-11-06 18:43:10,727 | 7
DEBUG | 2024-11-06 18:43:10,728 | 8
DEBUG | 2024-11-06 18:43:10,728 | 9
DEBUG | 2024-11-06 18:43:10,728 | 10
DEBUG | 2024-11-06 18:43:10,729 | Write completed.
DEBUG | 2024-11-06 18:43:10,731 | writer is waiting
DEBUG | 2024-11-06 18:43:10,731 | 1
DEBUG | 2024-11-06 18:43:10,731 | Read value: daniel
DEBUG | 2024-11-06 18:43:10,749 | 2
DEBUG | 2024-11-06 18:43:10,812 | 3
DEBUG | 2024-11-06 18:43:10,812 | 4
DEBUG | 2024-11-06 18:43:10,812 | 5
DEBUG | 2024-11-06 18:43:10,812 | 6
DEBUG | 2024-11-06 18:43:10,906 | Read value: daniel
DEBUG | 2024-11-06 18:43:10,938 | 7
DEBUG | 2024-11-06 18:43:10,954 | Read value: daniel
DEBUG | 2024-11-06 18:43:10,954 | 8
DEBUG | 2024-11-06 18:43:11,031 | Read value: daniel
DEBUG | 2024-11-06 18:43:11,046 | 9
DEBUG | 2024-11-06 18:43:11,077 | Read value: daniel
DEBUG | 2024-11-06 18:43:11,107 | 10
DEBUG | 2024-11-06 18:43:11,265 | Write completed.
DEBUG | 2024-11-06 18:43:11,266 | Read value: dani
DEBUG | 2024-11-06 18:43:44,430 | writer is waiting
DEBUG | 2024-11-06 18:43:44,430 | 1
DEBUG | 2024-11-06 18:43:44,430 | 2
DEBUG | 2024-11-06 18:43:44,430 | 3
DEBUG | 2024-11-06 18:43:44,430 | 4
DEBUG | 2024-11-06 18:43:44,431 | 5
DEBUG | 2024-11-06 18:43:44,431 | 6
DEBUG | 2024-11-06 18:43:44,431 | 7
DEBUG | 2024-11-06 18:43:44,431 | 8
DEBUG | 2024-11-06 18:43:44,431 | 9
DEBUG | 2024-11-06 18:43:44,431 | 10
DEBUG | 2024-11-06 18:43:44,432 | Write completed.
DEBUG | 2024-11-06 18:43:44,434 | Read value: daniel
DEBUG | 2024-11-06 18:43:44,434 | writer is waiting
DEBUG | 2024-11-06 18:43:44,434 | 1
DEBUG | 2024-11-06 18:43:44,434 | 2
DEBUG | 2024-11-06 18:43:44,434 | 3
DEBUG | 2024-11-06 18:43:44,434 | 4
DEBUG | 2024-11-06 18:43:44,434 | 5
DEBUG | 2024-11-06 18:43:44,434 | 6
DEBUG | 2024-11-06 18:43:44,434 | 7
DEBUG | 2024-11-06 18:43:44,434 | 8
DEBUG | 2024-11-06 18:43:44,434 | 9
DEBUG | 2024-11-06 18:43:44,434 | 10
DEBUG | 2024-11-06 18:43:44,435 | Write completed.
DEBUG | 2024-11-06 18:43:44,436 | writer is waiting
DEBUG | 2024-11-06 18:43:44,436 | 1
DEBUG | 2024-11-06 18:43:44,436 | 2
DEBUG | 2024-11-06 18:43:44,447 | Read value: daniel
DEBUG | 2024-11-06 18:43:44,447 | 3
DEBUG | 2024-11-06 18:43:44,511 | 4
DEBUG | 2024-11-06 18:43:44,511 | 5
DEBUG | 2024-11-06 18:43:44,527 | Read value: daniel
DEBUG | 2024-11-06 18:43:44,557 | 6
DEBUG | 2024-11-06 18:43:44,621 | 7
DEBUG | 2024-11-06 18:43:44,716 | Read value: daniel
DEBUG | 2024-11-06 18:43:44,762 | 8
DEBUG | 2024-11-06 18:43:44,842 | Read value: daniel
DEBUG | 2024-11-06 18:43:44,842 | 9
DEBUG | 2024-11-06 18:43:44,921 | Read value: daniel
DEBUG | 2024-11-06 18:43:44,968 | 10
DEBUG | 2024-11-06 18:43:45,124 | Write completed.
DEBUG | 2024-11-06 18:43:45,125 | Read value: dani
DEBUG | 2024-11-06 18:45:24,488 | writer is waiting
DEBUG | 2024-11-06 18:45:24,488 | 1
DEBUG | 2024-11-06 18:45:24,488 | 2
DEBUG | 2024-11-06 18:45:24,488 | 3
DEBUG | 2024-11-06 18:45:24,488 | 4
DEBUG | 2024-11-06 18:45:24,488 | 5
DEBUG | 2024-11-06 18:45:24,488 | 6
DEBUG | 2024-11-06 18:45:24,489 | 7
DEBUG | 2024-11-06 18:45:24,489 | 8
DEBUG | 2024-11-06 18:45:24,489 | 9
DEBUG | 2024-11-06 18:45:24,489 | 10
DEBUG | 2024-11-06 18:45:24,490 | Write completed.
DEBUG | 2024-11-06 18:45:24,492 | writer is waiting
DEBUG | 2024-11-06 18:45:24,492 | 1
DEBUG | 2024-11-06 18:45:24,541 | 2
DEBUG | 2024-11-06 18:45:24,557 | 3
DEBUG | 2024-11-06 18:45:24,573 | Read value: daniel
DEBUG | 2024-11-06 18:45:24,573 | 4
DEBUG | 2024-11-06 18:45:24,605 | 5
DEBUG | 2024-11-06 18:45:24,605 | 6
DEBUG | 2024-11-06 18:45:24,684 | Read value: daniel
DEBUG | 2024-11-06 18:45:24,700 | 7
DEBUG | 2024-11-06 18:45:24,764 | Read value: daniel
DEBUG | 2024-11-06 18:45:24,796 | 8
DEBUG | 2024-11-06 18:45:24,858 | Read value: daniel
DEBUG | 2024-11-06 18:45:24,858 | 9
DEBUG | 2024-11-06 18:45:24,936 | Read value: daniel
DEBUG | 2024-11-06 18:45:24,983 | 10
DEBUG | 2024-11-06 18:45:25,142 | Write completed.
DEBUG | 2024-11-06 18:45:25,143 | Read value: dani
DEBUG | 2024-11-06 18:45:56,861 | writer is waiting
DEBUG | 2024-11-06 18:45:56,862 | 1
DEBUG | 2024-11-06 18:45:56,862 | 2
DEBUG | 2024-11-06 18:45:56,862 | 3
DEBUG | 2024-11-06 18:45:56,862 | 4
DEBUG | 2024-11-06 18:45:56,862 | 5
DEBUG | 2024-11-06 18:45:56,862 | 6
DEBUG | 2024-11-06 18:45:56,862 | 7
DEBUG | 2024-11-06 18:45:56,862 | 8
DEBUG | 2024-11-06 18:45:56,862 | 9
DEBUG | 2024-11-06 18:45:56,862 | 10
DEBUG | 2024-11-06 18:45:56,865 | Write completed.
DEBUG | 2024-11-06 18:45:56,866 | Read value: daniel
DEBUG | 2024-11-06 18:46:10,325 | writer is waiting
DEBUG | 2024-11-06 18:46:10,325 | 1
DEBUG | 2024-11-06 18:46:10,325 | 2
DEBUG | 2024-11-06 18:46:10,325 | 3
DEBUG | 2024-11-06 18:46:10,325 | 4
DEBUG | 2024-11-06 18:46:10,326 | 5
DEBUG | 2024-11-06 18:46:10,326 | 6
DEBUG | 2024-11-06 18:46:10,326 | 7
DEBUG | 2024-11-06 18:46:10,326 | 8
DEBUG | 2024-11-06 18:46:10,326 | 9
DEBUG | 2024-11-06 18:46:10,326 | 10
DEBUG | 2024-11-06 18:46:10,327 | Write completed.
DEBUG | 2024-11-06 18:46:10,329 | Read value: daniel
DEBUG | 2024-11-06 18:46:33,275 | writer is waiting
DEBUG | 2024-11-06 18:46:33,275 | 1
DEBUG | 2024-11-06 18:46:33,275 | 2
DEBUG | 2024-11-06 18:46:33,276 | 3
DEBUG | 2024-11-06 18:46:33,276 | 4
DEBUG | 2024-11-06 18:46:33,276 | 5
DEBUG | 2024-11-06 18:46:33,276 | 6
DEBUG | 2024-11-06 18:46:33,276 | 7
DEBUG | 2024-11-06 18:46:33,276 | 8
DEBUG | 2024-11-06 18:46:33,276 | 9
DEBUG | 2024-11-06 18:46:33,276 | 10
DEBUG | 2024-11-06 18:46:33,277 | Write completed.
DEBUG | 2024-11-06 18:46:33,279 | writer is waiting
DEBUG | 2024-11-06 18:46:33,279 | 1
DEBUG | 2024-11-06 18:46:33,279 | 2
DEBUG | 2024-11-06 18:46:33,279 | 3
DEBUG | 2024-11-06 18:46:33,279 | 4
DEBUG | 2024-11-06 18:46:33,279 | 5
DEBUG | 2024-11-06 18:46:33,279 | 6
DEBUG | 2024-11-06 18:46:33,279 | 7
DEBUG | 2024-11-06 18:46:33,279 | 8
DEBUG | 2024-11-06 18:46:33,279 | 9
DEBUG | 2024-11-06 18:46:33,279 | Read value: daniel
DEBUG | 2024-11-06 18:46:33,280 | 10
DEBUG | 2024-11-06 18:46:33,280 | Write completed.
DEBUG | 2024-11-06 18:47:00,638 | writer is waiting
DEBUG | 2024-11-06 18:47:00,638 | 1
DEBUG | 2024-11-06 18:47:00,638 | 2
DEBUG | 2024-11-06 18:47:00,638 | 3
DEBUG | 2024-11-06 18:47:00,638 | 4
DEBUG | 2024-11-06 18:47:00,638 | 5
DEBUG | 2024-11-06 18:47:00,638 | 6
DEBUG | 2024-11-06 18:47:00,638 | 7
DEBUG | 2024-11-06 18:47:00,638 | 8
DEBUG | 2024-11-06 18:47:00,638 | 9
DEBUG | 2024-11-06 18:47:00,639 | 10
DEBUG | 2024-11-06 18:47:00,641 | Write completed.
DEBUG | 2024-11-06 18:47:00,641 | writer is waiting
DEBUG | 2024-11-06 18:47:00,641 | 1
DEBUG | 2024-11-06 18:47:00,641 | 2
DEBUG | 2024-11-06 18:47:00,655 | 3
DEBUG | 2024-11-06 18:47:00,655 | 4
DEBUG | 2024-11-06 18:47:00,655 | 5
DEBUG | 2024-11-06 18:47:00,655 | 6
DEBUG | 2024-11-06 18:47:00,655 | 7
DEBUG | 2024-11-06 18:47:00,655 | 8
DEBUG | 2024-11-06 18:47:00,655 | 9
DEBUG | 2024-11-06 18:47:00,671 | 10
DEBUG | 2024-11-06 18:47:00,782 | Write completed.
DEBUG | 2024-11-06 18:47:00,787 | Read value: daniel
DEBUG | 2024-11-06 18:48:29,313 | writer is waiting
DEBUG | 2024-11-06 18:48:29,313 | 1
DEBUG | 2024-11-06 18:48:29,313 | 2
DEBUG | 2024-11-06 18:48:29,313 | 3
DEBUG | 2024-11-06 18:48:29,313 | 4
DEBUG | 2024-11-06 18:48:29,313 | 5
DEBUG | 2024-11-06 18:48:29,313 | 6
DEBUG | 2024-11-06 18:48:29,313 | 7
DEBUG | 2024-11-06 18:48:29,313 | 8
DEBUG | 2024-11-06 18:48:29,313 | 9
DEBUG | 2024-11-06 18:48:29,313 | 10
DEBUG | 2024-11-06 18:48:29,315 | Write completed.
DEBUG | 2024-11-06 18:48:29,318 | Read value: daniel
DEBUG | 2024-11-06 18:48:29,318 | Read value: daniel
DEBUG | 2024-11-06 18:48:29,318 | Read value: daniel
DEBUG | 2024-11-06 18:48:29,319 | Read value: daniel
DEBUG | 2024-11-06 18:48:29,319 | Read value: daniel
DEBUG | 2024-11-06 18:48:29,319 | Read value: daniel
DEBUG | 2024-11-06 18:48:29,320 | Read value: daniel
DEBUG | 2024-11-06 18:48:29,320 | Read value: daniel
DEBUG | 2024-11-06 18:48:29,320 | Read value: daniel
DEBUG | 2024-11-06 18:48:29,320 | Read value: daniel
DEBUG | 2024-11-06 18:48:29,321 | Read value: daniel
DEBUG | 2024-11-06 18:48:29,321 | Read value: daniel
DEBUG | 2024-11-06 18:48:29,321 | Read value: daniel
DEBUG | 2024-11-06 18:48:29,321 | Read value: daniel
DEBUG | 2024-11-06 18:48:29,321 | Read value: daniel
DEBUG | 2024-11-06 18:48:29,322 | Read value: daniel
DEBUG | 2024-11-06 18:48:29,322 | Read value: daniel
DEBUG | 2024-11-06 18:48:29,322 | Read value: daniel
DEBUG | 2024-11-06 18:48:29,322 | Read value: daniel
DEBUG | 2024-11-06 18:48:29,322 | Read value: daniel
DEBUG | 2024-11-06 18:49:22,517 | writer is waiting
DEBUG | 2024-11-06 18:49:22,517 | 1
DEBUG | 2024-11-06 18:49:22,517 | 2
DEBUG | 2024-11-06 18:49:22,517 | 3
DEBUG | 2024-11-06 18:49:22,517 | 4
DEBUG | 2024-11-06 18:49:22,517 | 5
DEBUG | 2024-11-06 18:49:22,517 | 6
DEBUG | 2024-11-06 18:49:22,517 | 7
DEBUG | 2024-11-06 18:49:22,517 | 8
DEBUG | 2024-11-06 18:49:22,517 | 9
DEBUG | 2024-11-06 18:49:22,518 | 10
DEBUG | 2024-11-06 18:49:22,519 | Write completed.
DEBUG | 2024-11-06 18:49:23,525 | Read value: daniel
DEBUG | 2024-11-06 18:49:23,526 | Read value: daniel
DEBUG | 2024-11-06 18:49:23,527 | Read value: daniel
DEBUG | 2024-11-06 18:49:23,529 | Read value: daniel
DEBUG | 2024-11-06 18:49:23,529 | Read value: daniel
DEBUG | 2024-11-06 18:49:23,531 | Read value: daniel
DEBUG | 2024-11-06 18:49:23,532 | Read value: daniel
DEBUG | 2024-11-06 18:49:23,533 | Read value: daniel
DEBUG | 2024-11-06 18:49:23,534 | Read value: daniel
DEBUG | 2024-11-06 18:49:23,535 | Read value: daniel
DEBUG | 2024-11-06 18:49:23,536 | Read value: daniel
DEBUG | 2024-11-06 18:49:23,537 | Read value: daniel
DEBUG | 2024-11-06 18:49:23,538 | Read value: daniel
DEBUG | 2024-11-06 18:49:23,539 | Read value: daniel
DEBUG | 2024-11-06 18:49:23,540 | Read value: daniel
DEBUG | 2024-11-06 18:49:23,541 | Read value: daniel
DEBUG | 2024-11-06 18:49:23,542 | Read value: daniel
DEBUG | 2024-11-06 18:49:23,542 | Read value: daniel
DEBUG | 2024-11-06 18:49:23,544 | Read value: daniel
DEBUG | 2024-11-06 18:49:23,544 | Read value: daniel
DEBUG | 2024-11-06 18:49:51,480 | writer is waiting
DEBUG | 2024-11-06 18:49:51,480 | 1
DEBUG | 2024-11-06 18:49:51,480 | 2
DEBUG | 2024-11-06 18:49:51,480 | 3
DEBUG | 2024-11-06 18:49:51,480 | 4
DEBUG | 2024-11-06 18:49:51,481 | 5
DEBUG | 2024-11-06 18:49:51,481 | 6
DEBUG | 2024-11-06 18:49:51,481 | 7
DEBUG | 2024-11-06 18:49:51,481 | 8
DEBUG | 2024-11-06 18:49:51,481 | 9
DEBUG | 2024-11-06 18:49:51,481 | 10
DEBUG | 2024-11-06 18:49:51,482 | Write completed.
DEBUG | 2024-11-06 18:49:52,486 | Read value: daniel
DEBUG | 2024-11-06 18:49:53,488 | Read value: daniel
DEBUG | 2024-11-06 18:49:54,489 | Read value: daniel
DEBUG | 2024-11-06 18:49:55,490 | Read value: daniel
DEBUG | 2024-11-06 18:49:56,491 | Read value: daniel
DEBUG | 2024-11-06 18:49:57,492 | Read value: daniel
DEBUG | 2024-11-06 18:49:58,494 | Read value: daniel
DEBUG | 2024-11-06 18:49:59,496 | Read value: daniel
DEBUG | 2024-11-06 18:50:00,498 | Read value: daniel
DEBUG | 2024-11-06 18:50:01,500 | Read value: daniel
DEBUG | 2024-11-06 18:50:02,503 | Read value: daniel
DEBUG | 2024-11-06 18:50:03,504 | Read value: daniel
DEBUG | 2024-11-06 18:50:04,505 | Read value: daniel
DEBUG | 2024-11-06 18:50:05,507 | Read value: daniel
DEBUG | 2024-11-06 18:50:06,509 | Read value: daniel
DEBUG | 2024-11-06 18:50:07,510 | Read value: daniel
DEBUG | 2024-11-06 18:50:08,512 | Read value: daniel
DEBUG | 2024-11-06 18:50:09,514 | Read value: daniel
DEBUG | 2024-11-06 18:50:10,528 | Read value: daniel
DEBUG | 2024-11-06 18:50:11,529 | Read value: daniel
DEBUG | 2024-11-06 18:50:39,043 | writer is waiting
DEBUG | 2024-11-06 18:50:39,043 | 1
DEBUG | 2024-11-06 18:50:39,043 | 2
DEBUG | 2024-11-06 18:50:39,043 | 3
DEBUG | 2024-11-06 18:50:39,043 | 4
DEBUG | 2024-11-06 18:50:39,043 | 5
DEBUG | 2024-11-06 18:50:39,043 | 6
DEBUG | 2024-11-06 18:50:39,043 | 7
DEBUG | 2024-11-06 18:50:39,043 | 8
DEBUG | 2024-11-06 18:50:39,043 | 9
DEBUG | 2024-11-06 18:50:39,043 | 10
DEBUG | 2024-11-06 18:50:39,045 | Write completed.
DEBUG | 2024-11-06 18:50:39,047 | Read value: daniel
DEBUG | 2024-11-06 18:50:39,047 | Read value: daniel
DEBUG | 2024-11-06 18:50:39,047 | Read value: daniel
DEBUG | 2024-11-06 18:50:39,048 | Read value: daniel
DEBUG | 2024-11-06 18:50:39,048 | Read value: daniel
DEBUG | 2024-11-06 18:50:39,048 | Read value: daniel
DEBUG | 2024-11-06 18:50:39,048 | Read value: daniel
DEBUG | 2024-11-06 18:50:39,048 | Read value: daniel
DEBUG | 2024-11-06 18:50:39,049 | Read value: daniel
DEBUG | 2024-11-06 18:50:39,049 | Read value: daniel
DEBUG | 2024-11-06 18:51:11,410 | writer is waiting
DEBUG | 2024-11-06 18:51:11,410 | 1
DEBUG | 2024-11-06 18:51:11,410 | 2
DEBUG | 2024-11-06 18:51:11,411 | 3
DEBUG | 2024-11-06 18:51:11,411 | 4
DEBUG | 2024-11-06 18:51:11,411 | 5
DEBUG | 2024-11-06 18:51:11,411 | 6
DEBUG | 2024-11-06 18:51:11,411 | 7
DEBUG | 2024-11-06 18:51:11,411 | 8
DEBUG | 2024-11-06 18:51:11,411 | 9
DEBUG | 2024-11-06 18:51:11,411 | 10
DEBUG | 2024-11-06 18:51:11,412 | Write completed.
DEBUG | 2024-11-06 18:51:11,414 | writer is waiting
DEBUG | 2024-11-06 18:51:11,415 | 1
DEBUG | 2024-11-06 18:51:11,415 | 2
DEBUG | 2024-11-06 18:51:11,415 | 3
DEBUG | 2024-11-06 18:51:11,415 | 4
DEBUG | 2024-11-06 18:51:11,415 | 5
DEBUG | 2024-11-06 18:51:11,425 | Read value: daniel
DEBUG | 2024-11-06 18:51:11,568 | 6
DEBUG | 2024-11-06 18:51:11,600 | Read value: daniel
DEBUG | 2024-11-06 18:51:11,600 | 7
DEBUG | 2024-11-06 18:51:11,678 | Read value: daniel
DEBUG | 2024-11-06 18:51:11,740 | 8
DEBUG | 2024-11-06 18:51:11,740 | Read value: daniel
DEBUG | 2024-11-06 18:51:11,850 | 9
DEBUG | 2024-11-06 18:51:11,961 | Read value: daniel
DEBUG | 2024-11-06 18:51:11,993 | 10
DEBUG | 2024-11-06 18:51:12,152 | Write completed.
DEBUG | 2024-11-06 18:51:12,153 | Read value: dani
DEBUG | 2024-11-06 18:52:30,898 | writer is waiting
DEBUG | 2024-11-06 18:52:30,898 | 1
DEBUG | 2024-11-06 18:52:30,898 | 2
DEBUG | 2024-11-06 18:52:30,898 | 3
DEBUG | 2024-11-06 18:52:30,899 | 4
DEBUG | 2024-11-06 18:52:30,899 | 5
DEBUG | 2024-11-06 18:52:30,899 | 6
DEBUG | 2024-11-06 18:52:30,899 | 7
DEBUG | 2024-11-06 18:52:30,899 | 8
DEBUG | 2024-11-06 18:52:30,899 | 9
DEBUG | 2024-11-06 18:52:30,899 | 10
DEBUG | 2024-11-06 18:52:30,901 | Write completed.
DEBUG | 2024-11-06 19:02:04,293 | writer is waiting
DEBUG | 2024-11-06 19:02:04,293 | 1
DEBUG | 2024-11-06 19:02:04,293 | 2
DEBUG | 2024-11-06 19:02:04,293 | 3
DEBUG | 2024-11-06 19:02:04,293 | 4
DEBUG | 2024-11-06 19:02:04,293 | 5
DEBUG | 2024-11-06 19:02:04,294 | 6
DEBUG | 2024-11-06 19:02:04,294 | 7
DEBUG | 2024-11-06 19:02:04,294 | 8
DEBUG | 2024-11-06 19:02:04,294 | 9
DEBUG | 2024-11-06 19:02:04,294 | 10
DEBUG | 2024-11-06 19:02:04,295 | Write completed.
DEBUG | 2024-11-06 19:02:04,296 | writer is waiting
DEBUG | 2024-11-06 19:02:04,297 | 1
DEBUG | 2024-11-06 19:02:04,297 | 2
DEBUG | 2024-11-06 19:02:04,307 | 3
DEBUG | 2024-11-06 19:02:04,307 | 4
DEBUG | 2024-11-06 19:02:04,323 | 5
DEBUG | 2024-11-06 19:02:04,339 | Read value: daniel
DEBUG | 2024-11-06 19:02:04,419 | 6
DEBUG | 2024-11-06 19:02:04,482 | Read value: daniel
DEBUG | 2024-11-06 19:02:04,514 | 7
DEBUG | 2024-11-06 19:02:04,592 | Read value: daniel
DEBUG | 2024-11-06 19:02:04,592 | 8
DEBUG | 2024-11-06 19:02:04,688 | Read value: daniel
DEBUG | 2024-11-06 19:02:04,688 | 9
DEBUG | 2024-11-06 19:02:04,752 | Read value: daniel
DEBUG | 2024-11-06 19:02:04,783 | 10
DEBUG | 2024-11-06 19:02:04,943 | Write completed.
DEBUG | 2024-11-06 19:02:04,944 | Read value: dani
DEBUG | 2024-11-06 19:02:26,274 | writer is waiting
DEBUG | 2024-11-06 19:02:26,274 | 1
DEBUG | 2024-11-06 19:02:26,274 | 2
DEBUG | 2024-11-06 19:02:26,274 | 3
DEBUG | 2024-11-06 19:02:26,274 | 4
DEBUG | 2024-11-06 19:02:26,274 | 5
DEBUG | 2024-11-06 19:02:26,274 | 6
DEBUG | 2024-11-06 19:02:26,274 | 7
DEBUG | 2024-11-06 19:02:26,274 | 8
DEBUG | 2024-11-06 19:02:26,274 | 9
DEBUG | 2024-11-06 19:02:26,274 | 10
DEBUG | 2024-11-06 19:02:26,276 | Write completed.
DEBUG | 2024-11-06 19:10:57,030 | writer is waiting
DEBUG | 2024-11-06 19:10:57,030 | 1
DEBUG | 2024-11-06 19:10:57,030 | 2
DEBUG | 2024-11-06 19:10:57,030 | 3
DEBUG | 2024-11-06 19:10:57,030 | 4
DEBUG | 2024-11-06 19:10:57,030 | 5
DEBUG | 2024-11-06 19:10:57,030 | 6
DEBUG | 2024-11-06 19:10:57,030 | 7
DEBUG | 2024-11-06 19:10:57,030 | 8
DEBUG | 2024-11-06 19:10:57,030 | 9
DEBUG | 2024-11-06 19:10:57,031 | 10
DEBUG | 2024-11-06 19:10:57,032 | Write completed.
DEBUG | 2024-11-06 19:10:57,034 | writer is waiting
DEBUG | 2024-11-06 19:10:57,034 | 1
DEBUG | 2024-11-06 19:10:57,034 | 2
DEBUG | 2024-11-06 19:10:57,034 | 3
DEBUG | 2024-11-06 19:10:57,034 | 4
DEBUG | 2024-11-06 19:10:57,035 | 5
DEBUG | 2024-11-06 19:10:57,035 | Read value: daniel
DEBUG | 2024-11-06 19:10:57,055 | 6
DEBUG | 2024-11-06 19:10:57,087 | Read value: daniel
DEBUG | 2024-11-06 19:10:57,087 | 7
DEBUG | 2024-11-06 19:10:57,118 | Read value: daniel
DEBUG | 2024-11-06 19:10:57,151 | 8
DEBUG | 2024-11-06 19:10:57,181 | Read value: daniel
DEBUG | 2024-11-06 19:10:57,181 | 9
DEBUG | 2024-11-06 19:10:57,181 | Read value: daniel
DEBUG | 2024-11-06 19:10:57,213 | 10
DEBUG | 2024-11-06 19:10:57,324 | Write completed.
DEBUG | 2024-11-06 19:10:57,329 | Read value: dani
DEBUG | 2024-11-06 19:11:19,879 | writer is waiting
DEBUG | 2024-11-06 19:11:19,879 | 1
DEBUG | 2024-11-06 19:11:19,879 | 2
DEBUG | 2024-11-06 19:11:19,879 | 3
DEBUG | 2024-11-06 19:11:19,879 | 4
DEBUG | 2024-11-06 19:11:19,879 | 5
DEBUG | 2024-11-06 19:11:19,880 | 6
DEBUG | 2024-11-06 19:11:19,880 | 7
DEBUG | 2024-11-06 19:11:19,880 | 8
DEBUG | 2024-11-06 19:11:19,880 | 9
DEBUG | 2024-11-06 19:11:19,880 | 10
DEBUG | 2024-11-06 19:11:19,881 | Write completed.
